2025-11-11 13:22:59 [INFO] (__init__:76) - =====================================================
2025-11-11 13:22:59 [INFO] (__init__:77) - Application initializing...
2025-11-11 13:22:59 [INFO] (_load_material_lists:161) - Material lists loaded: 0 cities, 0 airlines, 0 reasons.
2025-11-11 13:22:59 [WARNING] (read_xlsx:221) - Data file 'data\data.xlsx' not found. Starting with an empty flight list.
2025-11-11 13:22:59 [INFO] (__init__:103) - Application initialized successfully.
2025-11-11 13:23:01 [INFO] (index:832) - Main page requested by a client.
2025-11-11 13:23:06 [INFO] (refresh_table:278) - User triggered 'Refresh'. Reloading data from disk.
2025-11-11 13:23:06 [WARNING] (read_xlsx:221) - Data file 'data\data.xlsx' not found. Starting with an empty flight list.
2025-11-11 13:25:01 [INFO] (refresh_table:278) - User triggered 'Refresh'. Reloading data from disk.
2025-11-11 13:25:02 [INFO] (read_xlsx:228) - Successfully loaded 7 flight rows from 'data\data.xlsx'.
2025-11-11 13:25:40 [INFO] (__init__:76) - =====================================================
2025-11-11 13:25:40 [INFO] (__init__:77) - Application initializing...
2025-11-11 13:25:40 [INFO] (_load_material_lists:161) - Material lists loaded: 47 cities, 23 airlines, 2 reasons.
2025-11-11 13:25:41 [INFO] (read_xlsx:228) - Successfully loaded 7 flight rows from 'data\data.xlsx'.
2025-11-11 13:25:41 [INFO] (__init__:103) - Application initialized successfully.
2025-11-11 13:25:43 [INFO] (index:832) - Main page requested by a client.
2025-11-11 13:26:13 [INFO] (index:832) - Main page requested by a client.
2025-11-11 13:26:14 [INFO] (index:832) - Main page requested by a client.
2025-11-11 13:26:15 [INFO] (index:832) - Main page requested by a client.
2025-11-11 13:26:15 [INFO] (index:832) - Main page requested by a client.
2025-11-11 13:27:10 [INFO] (search_and_synthesize:479) - Synthesis started. Flight: '3U8633', Type: 'Check_in'.
2025-11-11 13:27:11 [INFO] (search_and_synthesize:551) - Announcement successfully exported to: output\3U8633_Check_in_20251111132711.wav
2025-11-11 13:27:32 [INFO] (stop_all_audio:464) - STOP ALL requested by user.
2025-11-11 13:27:32 [INFO] (stop_all_audio:467) - Stop event is now active. Active processes will terminate shortly.
2025-11-11 13:27:32 [INFO] (stop_all_audio:464) - STOP ALL requested by user.
2025-11-11 13:27:32 [DEBUG] (stop_all_audio:470) - Stop event was already active; ignoring duplicate request.
2025-11-11 13:27:32 [INFO] (stop_all_audio:464) - STOP ALL requested by user.
2025-11-11 13:27:32 [DEBUG] (stop_all_audio:470) - Stop event was already active; ignoring duplicate request.
2025-11-11 13:27:36 [INFO] (clear_output_cache:392) - User triggered 'Clear Cache'. Deleting all generated audio files.
2025-11-11 13:27:36 [DEBUG] (clear_output_cache:401) - Deleted cache file: 3U8633_Check_in_20251111132711.wav
2025-11-11 13:27:36 [INFO] (clear_output_cache:411) - Successfully cleared cache. 1 files deleted.
2025-11-11 13:27:43 [INFO] (search_and_synthesize:479) - Synthesis started. Flight: 'MU2546', Type: 'Check_in'.
2025-11-11 13:27:45 [INFO] (search_and_synthesize:551) - Announcement successfully exported to: output\MU2546_Check_in_20251111132744.wav
2025-11-11 13:28:27 [INFO] (index:832) - Main page requested by a client.
2025-11-11 13:28:28 [INFO] (index:832) - Main page requested by a client.
2025-11-11 13:28:29 [INFO] (index:832) - Main page requested by a client.
2025-11-11 13:28:29 [INFO] (index:832) - Main page requested by a client.
2025-11-11 13:28:29 [INFO] (index:832) - Main page requested by a client.
2025-11-11 13:28:29 [INFO] (index:832) - Main page requested by a client.
2025-11-11 13:29:37 [INFO] (__init__:76) - =====================================================
2025-11-11 13:29:37 [INFO] (__init__:77) - Application initializing...
2025-11-11 13:29:37 [INFO] (_load_material_lists:161) - Material lists loaded: 47 cities, 23 airlines, 2 reasons.
2025-11-11 13:29:37 [INFO] (read_xlsx:228) - Successfully loaded 7 flight rows from 'data\data.xlsx'.
2025-11-11 13:29:37 [INFO] (__init__:103) - Application initialized successfully.
2025-11-11 13:29:39 [INFO] (index:832) - Main page requested by a client.
2025-11-11 13:29:55 [INFO] (index:832) - Main page requested by a client.
2025-11-11 13:29:56 [INFO] (index:832) - Main page requested by a client.
2025-11-11 13:29:56 [INFO] (index:832) - Main page requested by a client.
2025-11-11 13:30:08 [INFO] (index:832) - Main page requested by a client.
2025-11-11 13:30:08 [INFO] (index:832) - Main page requested by a client.
2025-11-11 13:30:09 [INFO] (refresh_table:278) - User triggered 'Refresh'. Reloading data from disk.
2025-11-11 13:30:09 [WARNING] (read_xlsx:221) - Data file 'data\data.xlsx' not found. Starting with an empty flight list.
2025-11-11 13:30:10 [INFO] (refresh_table:278) - User triggered 'Refresh'. Reloading data from disk.
2025-11-11 13:30:10 [WARNING] (read_xlsx:221) - Data file 'data\data.xlsx' not found. Starting with an empty flight list.
2025-11-11 13:30:21 [INFO] (index:832) - Main page requested by a client.
2025-11-11 13:30:21 [INFO] (refresh_table:278) - User triggered 'Refresh'. Reloading data from disk.
2025-11-11 13:30:21 [INFO] (read_xlsx:228) - Successfully loaded 7 flight rows from 'data\data.xlsx'.
2025-11-11 13:31:07 [INFO] (index:832) - Main page requested by a client.
2025-11-11 13:31:08 [INFO] (index:832) - Main page requested by a client.
2025-11-11 13:31:08 [INFO] (index:832) - Main page requested by a client.
2025-11-11 13:31:08 [INFO] (index:832) - Main page requested by a client.
2025-11-11 13:31:09 [INFO] (index:832) - Main page requested by a client.
2025-11-11 13:31:09 [INFO] (index:832) - Main page requested by a client.
2025-11-11 13:31:10 [INFO] (refresh_table:278) - User triggered 'Refresh'. Reloading data from disk.
2025-11-11 13:31:10 [INFO] (read_xlsx:228) - Successfully loaded 7 flight rows from 'data\data.xlsx'.
2025-11-11 13:31:10 [INFO] (refresh_table:278) - User triggered 'Refresh'. Reloading data from disk.
2025-11-11 13:31:10 [INFO] (read_xlsx:228) - Successfully loaded 7 flight rows from 'data\data.xlsx'.
2025-11-11 13:31:12 [INFO] (refresh_table:278) - User triggered 'Refresh'. Reloading data from disk.
2025-11-11 13:31:12 [INFO] (read_xlsx:228) - Successfully loaded 7 flight rows from 'data\data.xlsx'.
2025-11-11 13:32:26 [INFO] (__init__:76) - =====================================================
2025-11-11 13:32:26 [INFO] (__init__:77) - Application initializing...
2025-11-11 13:32:26 [INFO] (_load_material_lists:161) - Material lists loaded: 47 cities, 23 airlines, 2 reasons.
2025-11-11 13:32:26 [INFO] (read_xlsx:228) - Successfully loaded 7 flight rows from 'data\data.xlsx'.
2025-11-11 13:32:26 [INFO] (__init__:103) - Application initialized successfully.
2025-11-11 13:32:28 [INFO] (index:832) - Main page requested by a client.
2025-11-11 13:32:54 [INFO] (index:832) - Main page requested by a client.
2025-11-11 13:32:57 [INFO] (search_and_synthesize:479) - Synthesis started. Flight: '3U8633', Type: 'Check_in'.
2025-11-11 13:32:58 [INFO] (search_and_synthesize:551) - Announcement successfully exported to: output\3U8633_Check_in_20251111133258.wav
2025-11-11 13:33:07 [INFO] (search_and_synthesize:479) - Synthesis started. Flight: '3U8633', Type: 'Arrival'.
2025-11-11 13:33:07 [INFO] (search_and_synthesize:551) - Announcement successfully exported to: output\3U8633_Arrival_20251111133307.wav
2025-11-11 13:33:11 [INFO] (stop_all_audio:464) - STOP ALL requested by user.
2025-11-11 13:33:11 [INFO] (stop_all_audio:467) - Stop event is now active. Active processes will terminate shortly.
2025-11-11 13:33:12 [INFO] (stop_all_audio:464) - STOP ALL requested by user.
2025-11-11 13:33:12 [DEBUG] (stop_all_audio:470) - Stop event was already active; ignoring duplicate request.
2025-11-11 13:33:12 [INFO] (stop_all_audio:464) - STOP ALL requested by user.
2025-11-11 13:33:12 [DEBUG] (stop_all_audio:470) - Stop event was already active; ignoring duplicate request.
2025-11-11 13:33:12 [INFO] (stop_all_audio:464) - STOP ALL requested by user.
2025-11-11 13:33:12 [DEBUG] (stop_all_audio:470) - Stop event was already active; ignoring duplicate request.
2025-11-11 13:33:12 [INFO] (stop_all_audio:464) - STOP ALL requested by user.
2025-11-11 13:33:12 [DEBUG] (stop_all_audio:470) - Stop event was already active; ignoring duplicate request.
2025-11-11 13:33:13 [INFO] (clear_output_cache:392) - User triggered 'Clear Cache'. Deleting all generated audio files.
2025-11-11 13:33:13 [DEBUG] (clear_output_cache:401) - Deleted cache file: 3U8633_Arrival_20251111133307.wav
2025-11-11 13:33:13 [DEBUG] (clear_output_cache:401) - Deleted cache file: 3U8633_Check_in_20251111133258.wav
2025-11-11 13:33:13 [DEBUG] (clear_output_cache:401) - Deleted cache file: MU2546_Check_in_20251111132744.wav
2025-11-11 13:33:13 [INFO] (clear_output_cache:411) - Successfully cleared cache. 3 files deleted.
2025-11-11 13:33:17 [INFO] (stop_all_audio:464) - STOP ALL requested by user.
2025-11-11 13:33:17 [DEBUG] (stop_all_audio:470) - Stop event was already active; ignoring duplicate request.
2025-11-11 13:33:21 [INFO] (clear_output_cache:392) - User triggered 'Clear Cache'. Deleting all generated audio files.
2025-11-11 13:33:21 [INFO] (clear_output_cache:411) - Successfully cleared cache. 0 files deleted.
2025-11-11 13:33:51 [INFO] (__init__:76) - =====================================================
2025-11-11 13:33:51 [INFO] (__init__:77) - Application initializing...
2025-11-11 13:33:51 [INFO] (_load_material_lists:161) - Material lists loaded: 47 cities, 23 airlines, 2 reasons.
2025-11-11 13:33:51 [INFO] (read_xlsx:228) - Successfully loaded 7 flight rows from 'data\data.xlsx'.
2025-11-11 13:33:51 [INFO] (__init__:103) - Application initialized successfully.
2025-11-11 13:33:53 [INFO] (index:832) - Main page requested by a client.
2025-11-11 13:33:55 [INFO] (index:832) - Main page requested by a client.
2025-11-11 13:33:57 [INFO] (search_and_synthesize:479) - Synthesis started. Flight: '3U8633', Type: 'Check_in'.
2025-11-11 13:33:58 [INFO] (search_and_synthesize:551) - Announcement successfully exported to: output\3U8633_Check_in_20251111133358.wav
2025-11-11 13:34:06 [INFO] (clear_output_cache:392) - User triggered 'Clear Cache'. Deleting all generated audio files.
2025-11-11 13:34:06 [DEBUG] (clear_output_cache:401) - Deleted cache file: 3U8633_Check_in_20251111133358.wav
2025-11-11 13:34:06 [INFO] (clear_output_cache:411) - Successfully cleared cache. 1 files deleted.
2025-11-11 13:34:07 [INFO] (stop_all_audio:464) - STOP ALL requested by user.
2025-11-11 13:34:07 [INFO] (stop_all_audio:467) - Stop event is now active. Active processes will terminate shortly.
2025-11-11 13:34:07 [INFO] (stop_all_audio:464) - STOP ALL requested by user.
2025-11-11 13:34:07 [DEBUG] (stop_all_audio:470) - Stop event was already active; ignoring duplicate request.
2025-11-11 13:34:07 [INFO] (stop_all_audio:464) - STOP ALL requested by user.
2025-11-11 13:34:07 [DEBUG] (stop_all_audio:470) - Stop event was already active; ignoring duplicate request.
2025-11-11 13:34:09 [INFO] (index:832) - Main page requested by a client.
2025-11-11 13:34:11 [INFO] (index:832) - Main page requested by a client.
2025-11-11 13:35:23 [INFO] (__init__:76) - =====================================================
2025-11-11 13:35:23 [INFO] (__init__:77) - Application initializing...
2025-11-11 13:35:23 [INFO] (_load_material_lists:161) - Material lists loaded: 47 cities, 23 airlines, 2 reasons.
2025-11-11 13:35:24 [INFO] (read_xlsx:228) - Successfully loaded 7 flight rows from 'data\data.xlsx'.
2025-11-11 13:35:24 [INFO] (__init__:103) - Application initialized successfully.
2025-11-11 13:35:25 [INFO] (index:832) - Main page requested by a client.
2025-11-11 13:37:16 [INFO] (index:832) - Main page requested by a client.
2025-11-11 13:37:22 [INFO] (index:832) - Main page requested by a client.
2025-11-11 13:37:22 [INFO] (index:832) - Main page requested by a client.
2025-11-11 13:52:10 [INFO] (index:832) - Main page requested by a client.
2025-11-11 13:52:11 [INFO] (index:832) - Main page requested by a client.
2025-11-11 13:52:11 [INFO] (index:832) - Main page requested by a client.
2025-11-11 13:54:16 [INFO] (__init__:88) - =====================================================
2025-11-11 13:54:16 [INFO] (__init__:89) - Application initializing...
2025-11-11 13:54:16 [INFO] (_load_material_lists:174) - Material lists loaded: 47 cities, 23 airlines, 2 reasons.
2025-11-11 13:54:16 [INFO] (read_xlsx:241) - Successfully loaded 7 flight rows from 'D:\Working Files\Github Projects\Airport-Flight-Announcement-System\data\data.xlsx'.
2025-11-11 13:54:16 [INFO] (__init__:115) - Application initialized successfully.
2025-11-11 13:54:18 [INFO] (index:846) - Main page requested by a client.
2025-11-11 13:54:22 [INFO] (search_and_synthesize:492) - Synthesis started. Flight: '3U8633', Type: 'Check_in'.
2025-11-11 13:54:24 [INFO] (search_and_synthesize:564) - Announcement successfully exported to: D:\Working Files\Github Projects\Airport-Flight-Announcement-System\output\3U8633_Check_in_20251111135424.wav
2025-11-11 13:54:29 [INFO] (stop_all_audio:477) - STOP ALL requested by user.
2025-11-11 13:54:29 [INFO] (stop_all_audio:480) - Stop event is now active. Active processes will terminate shortly.
2025-11-11 13:54:29 [INFO] (stop_all_audio:477) - STOP ALL requested by user.
2025-11-11 13:54:29 [DEBUG] (stop_all_audio:483) - Stop event was already active; ignoring duplicate request.
2025-11-11 13:54:29 [INFO] (stop_all_audio:477) - STOP ALL requested by user.
2025-11-11 13:54:29 [DEBUG] (stop_all_audio:483) - Stop event was already active; ignoring duplicate request.
2025-11-11 14:04:54 [INFO] (__init__:229) - =====================================================
2025-11-11 14:04:54 [INFO] (__init__:230) - Application initializing...
2025-11-11 14:04:54 [INFO] (_load_material_lists:356) - Material lists loaded: 47 cities, 23 airlines, 2 reasons.
2025-11-11 14:04:55 [INFO] (read_xlsx:528) - Successfully loaded 7 flight rows from 'D:\Working Files\Github Projects\Airport-Flight-Announcement-System\src\airport_flight_announcement_system\data\data.xlsx'.
2025-11-11 14:04:55 [INFO] (__init__:256) - Application initialized successfully.
2025-11-11 14:04:57 [INFO] (index:1636) - Main page requested by a client.
2025-11-11 14:05:17 [INFO] (index:1636) - Main page requested by a client.
2025-11-11 14:06:38 [INFO] (__init__:88) - =====================================================
2025-11-11 14:06:38 [INFO] (__init__:89) - Application initializing...
2025-11-11 14:06:38 [INFO] (_load_material_lists:174) - Material lists loaded: 47 cities, 23 airlines, 2 reasons.
2025-11-11 14:06:38 [INFO] (read_xlsx:241) - Successfully loaded 7 flight rows from 'D:\Working Files\Github Projects\Airport-Flight-Announcement-System\data\data.xlsx'.
2025-11-11 14:06:38 [INFO] (__init__:115) - Application initialized successfully.
2025-11-11 14:06:40 [INFO] (index:846) - Main page requested by a client.
2025-11-11 14:06:45 [INFO] (index:846) - Main page requested by a client.
2025-11-11 14:06:46 [INFO] (index:846) - Main page requested by a client.
2025-11-11 14:06:47 [INFO] (refresh_table:291) - User triggered 'Refresh'. Reloading data from disk.
2025-11-11 14:06:47 [INFO] (read_xlsx:241) - Successfully loaded 7 flight rows from 'D:\Working Files\Github Projects\Airport-Flight-Announcement-System\data\data.xlsx'.
2025-11-11 14:06:54 [INFO] (search_and_synthesize:492) - Synthesis started. Flight: 'MU2546', Type: 'Check_in'.
2025-11-11 14:06:55 [INFO] (search_and_synthesize:564) - Announcement successfully exported to: D:\Working Files\Github Projects\Airport-Flight-Announcement-System\output\MU2546_Check_in_20251111140655.wav
2025-11-11 14:06:59 [INFO] (stop_all_audio:477) - STOP ALL requested by user.
2025-11-11 14:06:59 [INFO] (stop_all_audio:480) - Stop event is now active. Active processes will terminate shortly.
2025-11-11 14:06:59 [INFO] (stop_all_audio:477) - STOP ALL requested by user.
2025-11-11 14:06:59 [DEBUG] (stop_all_audio:483) - Stop event was already active; ignoring duplicate request.
2025-11-11 14:06:59 [INFO] (stop_all_audio:477) - STOP ALL requested by user.
2025-11-11 14:06:59 [DEBUG] (stop_all_audio:483) - Stop event was already active; ignoring duplicate request.
2025-11-11 14:06:59 [INFO] (stop_all_audio:477) - STOP ALL requested by user.
2025-11-11 14:06:59 [DEBUG] (stop_all_audio:483) - Stop event was already active; ignoring duplicate request.
2025-11-11 14:06:59 [INFO] (stop_all_audio:477) - STOP ALL requested by user.
2025-11-11 14:06:59 [DEBUG] (stop_all_audio:483) - Stop event was already active; ignoring duplicate request.
2025-11-11 14:07:01 [INFO] (clear_output_cache:405) - User triggered 'Clear Cache'. Deleting all generated audio files.
2025-11-11 14:07:01 [DEBUG] (clear_output_cache:414) - Deleted cache file: 3U8633_Check_in_20251111135424.wav
2025-11-11 14:07:01 [ERROR] (clear_output_cache:417) - Failed to delete D:\Working Files\Github Projects\Airport-Flight-Announcement-System\output\MU2546_Check_in_20251111140655.wav. Reason: [WinError 32] 另一个程序正在使用此文件，进程无法访问。: 'D:\\Working Files\\Github Projects\\Airport-Flight-Announcement-System\\output\\MU2546_Check_in_20251111140655.wav'
2025-11-11 14:07:05 [INFO] (stop_all_audio:477) - STOP ALL requested by user.
2025-11-11 14:07:05 [DEBUG] (stop_all_audio:483) - Stop event was already active; ignoring duplicate request.
2025-11-11 14:08:25 [INFO] (__init__:88) - =====================================================
2025-11-11 14:08:25 [INFO] (__init__:89) - Application initializing...
2025-11-11 14:08:25 [INFO] (_load_material_lists:174) - Material lists loaded: 47 cities, 23 airlines, 2 reasons.
2025-11-11 14:08:25 [INFO] (read_xlsx:241) - Successfully loaded 7 flight rows from 'D:\Working Files\Github Projects\Airport-Flight-Announcement-System\data\data.xlsx'.
2025-11-11 14:08:25 [INFO] (__init__:115) - Application initialized successfully.
2025-11-11 14:08:47 [INFO] (__init__:88) - =====================================================
2025-11-11 14:08:47 [INFO] (__init__:89) - Application initializing...
2025-11-11 14:08:47 [INFO] (_load_material_lists:174) - Material lists loaded: 47 cities, 23 airlines, 2 reasons.
2025-11-11 14:08:47 [INFO] (read_xlsx:241) - Successfully loaded 7 flight rows from 'D:\Working Files\Github Projects\Airport-Flight-Announcement-System\data\data.xlsx'.
2025-11-11 14:08:47 [INFO] (__init__:115) - Application initialized successfully.
2025-11-11 14:08:50 [INFO] (__init__:88) - =====================================================
2025-11-11 14:08:50 [INFO] (__init__:89) - Application initializing...
2025-11-11 14:08:50 [INFO] (_load_material_lists:174) - Material lists loaded: 47 cities, 23 airlines, 2 reasons.
2025-11-11 14:08:51 [INFO] (read_xlsx:241) - Successfully loaded 7 flight rows from 'D:\Working Files\Github Projects\Airport-Flight-Announcement-System\data\data.xlsx'.
2025-11-11 14:08:51 [INFO] (__init__:115) - Application initialized successfully.
2025-11-11 14:09:21 [INFO] (__init__:88) - =====================================================
2025-11-11 14:09:21 [INFO] (__init__:89) - Application initializing...
2025-11-11 14:09:21 [INFO] (_load_material_lists:174) - Material lists loaded: 47 cities, 23 airlines, 2 reasons.
2025-11-11 14:09:22 [INFO] (read_xlsx:241) - Successfully loaded 7 flight rows from 'D:\Working Files\Github Projects\Airport-Flight-Announcement-System\data\data.xlsx'.
2025-11-11 14:09:22 [INFO] (__init__:115) - Application initialized successfully.
2025-11-11 14:11:32 [INFO] (__init__:88) - =====================================================
2025-11-11 14:11:32 [INFO] (__init__:89) - Application initializing...
2025-11-11 14:11:32 [INFO] (_load_material_lists:174) - Material lists loaded: 47 cities, 23 airlines, 2 reasons.
2025-11-11 14:11:32 [INFO] (read_xlsx:241) - Successfully loaded 7 flight rows from 'D:\Working Files\Github Projects\Airport-Flight-Announcement-System\data\data.xlsx'.
2025-11-11 14:11:32 [INFO] (__init__:115) - Application initialized successfully.
2025-11-11 14:11:34 [INFO] (index:846) - Main page requested by a client.
2025-11-11 14:17:18 [INFO] (__init__:194) - =====================================================
2025-11-11 14:17:18 [INFO] (__init__:195) - Application initializing...
2025-11-11 14:17:18 [INFO] (_load_material_lists:314) - Material lists loaded: 47 cities, 23 airlines, 2 reasons.
2025-11-11 14:17:19 [INFO] (read_xlsx:443) - Successfully loaded 7 flight rows from 'D:\Working Files\Github Projects\Airport-Flight-Announcement-System\data\data.xlsx'.
2025-11-11 14:17:19 [INFO] (__init__:221) - Application initialized successfully.
2025-11-11 14:17:21 [INFO] (index:1409) - Main page requested by a client.
2025-11-11 14:18:11 [INFO] (index:1409) - Main page requested by a client.
2025-11-11 14:18:18 [INFO] (search_and_synthesize:887) - Synthesis started. Flight: 'CA630', Type: 'Check_in'.
2025-11-11 14:18:21 [INFO] (search_and_synthesize:961) - Announcement successfully exported to: D:\Working Files\Github Projects\Airport-Flight-Announcement-System\output\CA630_Check_in_20251111141821.wav
2025-11-11 14:18:23 [INFO] (stop_all_audio:849) - STOP ALL requested by user.
2025-11-11 14:18:23 [INFO] (stop_all_audio:852) - Stop event is now active. Active processes will terminate shortly.
2025-11-11 14:18:23 [INFO] (stop_all_audio:849) - STOP ALL requested by user.
2025-11-11 14:18:23 [DEBUG] (stop_all_audio:855) - Stop event was already active; ignoring duplicate request.
2025-11-11 14:18:25 [INFO] (clear_output_cache:745) - User triggered 'Clear Cache'. Deleting all generated audio files.
2025-11-11 14:18:25 [ERROR] (clear_output_cache:757) - Failed to delete D:\Working Files\Github Projects\Airport-Flight-Announcement-System\output\CA630_Check_in_20251111141821.wav. Reason: [WinError 32] 另一个程序正在使用此文件，进程无法访问。: 'D:\\Working Files\\Github Projects\\Airport-Flight-Announcement-System\\output\\CA630_Check_in_20251111141821.wav'
2025-11-11 14:18:25 [DEBUG] (clear_output_cache:754) - Deleted cache file: MU2546_Check_in_20251111140655.wav
2025-11-11 14:18:31 [INFO] (stop_all_audio:849) - STOP ALL requested by user.
2025-11-11 14:18:31 [DEBUG] (stop_all_audio:855) - Stop event was already active; ignoring duplicate request.
2025-11-11 14:18:31 [INFO] (stop_all_audio:849) - STOP ALL requested by user.
2025-11-11 14:18:31 [DEBUG] (stop_all_audio:855) - Stop event was already active; ignoring duplicate request.
2025-11-11 14:18:34 [INFO] (clear_output_cache:745) - User triggered 'Clear Cache'. Deleting all generated audio files.
2025-11-11 14:18:34 [DEBUG] (clear_output_cache:754) - Deleted cache file: CA630_Check_in_20251111141821.wav
2025-11-11 14:18:34 [INFO] (clear_output_cache:764) - Successfully cleared cache. 1 files deleted.
