2025-11-12 13:41:10 [INFO] (__init__:223) - =====================================================
2025-11-12 13:41:10 [INFO] (__init__:224) - Application initializing...
2025-11-12 13:41:10 [INFO] (_load_material_lists:343) - Material lists loaded: 47 cities, 23 airlines, 2 reasons.
2025-11-12 13:41:43 [INFO] (__init__:223) - =====================================================
2025-11-12 13:41:43 [INFO] (__init__:224) - Application initializing...
2025-11-12 13:41:43 [INFO] (_load_material_lists:343) - Material lists loaded: 47 cities, 23 airlines, 2 reasons.
2025-11-12 13:44:43 [INFO] (__init__:225) - =====================================================
2025-11-12 13:44:43 [INFO] (__init__:226) - Application initializing...
2025-11-12 13:44:43 [INFO] (_load_material_lists:345) - Material lists loaded: 47 cities, 23 airlines, 2 reasons.
2025-11-12 13:44:44 [INFO] (read_xlsx:474) - Successfully loaded 7 flight rows from 'D:\Working Files\Github Projects\Airport-Flight-Announcement-System\src\airport_flight_announcement_system\data\data.xlsx'.
2025-11-12 13:44:44 [INFO] (__init__:252) - Application initialized successfully.
2025-11-12 13:44:46 [INFO] (index:1440) - Main page requested by a client.
2025-11-12 14:04:14 [INFO] (__init__:217) - =====================================================
2025-11-12 14:04:14 [INFO] (__init__:218) - Application initializing...
2025-11-12 14:04:14 [INFO] (_load_material_lists:337) - Material lists loaded: 47 cities, 23 airlines, 2 reasons.
2025-11-12 14:04:14 [INFO] (read_xlsx:466) - Successfully loaded 7 flight rows from 'D:\Working Files\Github Projects\Airport-Flight-Announcement-System\src\airport_flight_announcement_system\data\data.xlsx'.
2025-11-12 14:04:14 [INFO] (__init__:244) - Application initialized successfully.
2025-11-12 14:04:16 [INFO] (index:1432) - Main page requested by a client.
2025-11-12 14:38:10 [INFO] (__init__:220) - =====================================================
2025-11-12 14:38:10 [INFO] (__init__:221) - Application initializing...
2025-11-12 14:38:10 [INFO] (_load_material_lists:340) - Material lists loaded: 47 cities, 23 airlines, 2 reasons.
2025-11-12 14:38:10 [INFO] (read_xlsx:469) - Successfully loaded 7 flight rows from 'D:\Working Files\Github Projects\Airport-Flight-Announcement-System\src\airport_flight_announcement_system\data\data.xlsx'.
2025-11-12 14:38:10 [INFO] (__init__:247) - Application initialized successfully.
2025-11-12 14:38:12 [INFO] (index:1435) - Main page requested by a client.
2025-11-12 15:35:03 [INFO] (__init__:205) - =====================================================
2025-11-12 15:35:03 [INFO] (__init__:206) - Application initializing...
2025-11-12 15:35:03 [INFO] (_load_material_lists:325) - Material lists loaded: 47 cities, 23 airlines, 2 reasons.
2025-11-12 15:35:03 [INFO] (read_xlsx:453) - Successfully loaded 7 flight rows from 'D:\Working Files\Github Projects\Airport-Flight-Announcement-System\src\airport_flight_announcement_system\data\data.xlsx'.
2025-11-12 15:35:03 [INFO] (__init__:232) - Application initialized successfully.
2025-11-12 15:35:05 [INFO] (index:1419) - Main page requested by a client.
2025-11-12 15:35:08 [INFO] (search_and_synthesize:897) - Synthesis started. Flight: 'MU2546', Type: 'Check_in'.
2025-11-12 15:35:09 [INFO] (search_and_synthesize:971) - Announcement successfully exported to: D:\Working Files\Github Projects\Airport-Flight-Announcement-System\src\airport_flight_announcement_system\output\MU2546_Check_in_20251112153509.wav
2025-11-12 15:35:12 [INFO] (stop_all_audio:859) - STOP ALL requested by user.
2025-11-12 15:35:12 [INFO] (stop_all_audio:862) - Stop event is now active. Active processes will terminate shortly.
2025-11-12 15:35:14 [INFO] (clear_output_cache:755) - User triggered 'Clear Cache'. Deleting all generated audio files.
2025-11-12 15:35:14 [ERROR] (clear_output_cache:767) - Failed to delete D:\Working Files\Github Projects\Airport-Flight-Announcement-System\src\airport_flight_announcement_system\output\MU2546_Check_in_20251112153509.wav. Reason: [WinError 32] 另一个程序正在使用此文件，进程无法访问。: 'D:\\Working Files\\Github Projects\\Airport-Flight-Announcement-System\\src\\airport_flight_announcement_system\\output\\MU2546_Check_in_20251112153509.wav'
2025-11-12 15:35:18 [INFO] (search_and_synthesize:897) - Synthesis started. Flight: 'MU2546', Type: 'Arrival'.
2025-11-12 15:35:18 [INFO] (search_and_synthesize:971) - Announcement successfully exported to: D:\Working Files\Github Projects\Airport-Flight-Announcement-System\src\airport_flight_announcement_system\output\MU2546_Arrival_20251112153518.wav
2025-11-12 15:35:23 [INFO] (stop_all_audio:859) - STOP ALL requested by user.
2025-11-12 15:35:23 [INFO] (stop_all_audio:862) - Stop event is now active. Active processes will terminate shortly.
2025-11-12 15:35:24 [INFO] (clear_output_cache:755) - User triggered 'Clear Cache'. Deleting all generated audio files.
2025-11-12 15:35:24 [DEBUG] (clear_output_cache:764) - Deleted cache file: MU2546_Arrival_20251112153518.wav
2025-11-12 15:35:24 [DEBUG] (clear_output_cache:764) - Deleted cache file: MU2546_Check_in_20251112153509.wav
2025-11-12 15:35:24 [INFO] (clear_output_cache:774) - Successfully cleared cache. 2 files deleted.
2025-11-12 15:49:46 [INFO] (__init__:61) - =====================================================
2025-11-12 15:49:46 [INFO] (__init__:62) - Application initializing...
2025-11-12 15:49:46 [INFO] (_load_material_lists:111) - Material lists loaded: 47 cities, 23 airlines, 2 reasons.
2025-11-12 15:49:46 [INFO] (read_xlsx:154) - Successfully loaded 7 flight rows from 'D:\Working Files\Github Projects\Airport-Flight-Announcement-System\src\airport_flight_announcement_system\data\data.xlsx'.
2025-11-12 15:49:46 [INFO] (__init__:79) - Application initialized successfully.
2025-11-12 15:49:48 [INFO] (index:561) - Main page requested by a client.
2025-11-12 15:56:38 [INFO] (__init__:205) - =====================================================
2025-11-12 15:56:38 [INFO] (__init__:206) - Application initializing...
2025-11-12 15:56:38 [INFO] (_load_material_lists:325) - Material lists loaded: 47 cities, 23 airlines, 2 reasons.
2025-11-12 15:56:38 [INFO] (read_xlsx:453) - Successfully loaded 7 flight rows from 'D:\Working Files\Github Projects\Airport-Flight-Announcement-System\src\airport_flight_announcement_system\data\data.xlsx'.
2025-11-12 15:56:38 [INFO] (__init__:232) - Application initialized successfully.
2025-11-12 15:56:40 [INFO] (index:1419) - Main page requested by a client.
2025-11-12 16:07:35 [INFO] (__init__:206) - =====================================================
2025-11-12 16:07:35 [INFO] (__init__:207) - Application initializing...
2025-11-12 16:07:35 [INFO] (_load_material_lists:326) - Material lists loaded: 47 cities, 23 airlines, 2 reasons.
2025-11-12 16:07:36 [INFO] (read_xlsx:454) - Successfully loaded 7 flight rows from 'D:\Working Files\Github Projects\Airport-Flight-Announcement-System\src\airport_flight_announcement_system\data\data.xlsx'.
2025-11-12 16:07:36 [INFO] (__init__:233) - Application initialized successfully.
2025-11-12 16:07:38 [INFO] (index:1420) - Main page requested by a client.
2025-11-12 16:18:35 [INFO] (__init__:216) - =====================================================
2025-11-12 16:18:35 [INFO] (__init__:217) - Application initializing...
2025-11-12 16:18:35 [INFO] (_load_material_lists:336) - Material lists loaded: 47 cities, 23 airlines, 2 reasons.
2025-11-12 16:18:36 [INFO] (read_xlsx:464) - Successfully loaded 7 flight rows from 'D:\Working Files\Github Projects\Airport-Flight-Announcement-System\src\airport_flight_announcement_system\data\data.xlsx'.
2025-11-12 16:18:36 [INFO] (__init__:243) - Application initialized successfully.
2025-11-12 16:18:38 [INFO] (index:1430) - Main page requested by a client.
2025-11-12 16:27:34 [INFO] (__init__:223) - =====================================================
2025-11-12 16:27:34 [INFO] (__init__:224) - Application initializing...
2025-11-12 16:27:34 [INFO] (_load_material_lists:343) - Material lists loaded: 47 cities, 23 airlines, 2 reasons.
2025-11-12 16:27:34 [INFO] (read_xlsx:471) - Successfully loaded 7 flight rows from 'D:\Working Files\Github Projects\Airport-Flight-Announcement-System\src\airport_flight_announcement_system\data\data.xlsx'.
2025-11-12 16:27:34 [INFO] (__init__:250) - Application initialized successfully.
2025-11-12 16:27:36 [INFO] (index:1437) - Main page requested by a client.
2025-11-12 16:45:24 [INFO] (__init__:205) - =====================================================
2025-11-12 16:45:24 [INFO] (__init__:206) - Application initializing...
2025-11-12 16:45:24 [INFO] (_load_material_lists:325) - Material lists loaded: 47 cities, 23 airlines, 2 reasons.
2025-11-12 16:45:24 [INFO] (read_xlsx:453) - Successfully loaded 7 flight rows from 'D:\Working Files\Github Projects\Airport-Flight-Announcement-System\src\airport_flight_announcement_system\data\data.xlsx'.
2025-11-12 16:45:24 [INFO] (__init__:232) - Application initialized successfully.
2025-11-12 16:45:26 [INFO] (index:1419) - Main page requested by a client.
2025-11-12 16:45:30 [INFO] (search_and_synthesize:897) - Synthesis started. Flight: '3U8633', Type: 'Check_in'.
2025-11-12 16:45:31 [INFO] (search_and_synthesize:971) - Announcement successfully exported to: D:\Working Files\Github Projects\Airport-Flight-Announcement-System\src\airport_flight_announcement_system\output\3U8633_Check_in_20251112164531.wav
2025-11-12 16:45:33 [INFO] (stop_all_audio:859) - STOP ALL requested by user.
2025-11-12 16:45:33 [INFO] (stop_all_audio:862) - Stop event is now active. Active processes will terminate shortly.
2025-11-12 16:50:01 [INFO] (__init__:205) - =====================================================
2025-11-12 16:50:01 [INFO] (__init__:206) - Application initializing...
2025-11-12 16:50:01 [INFO] (_load_material_lists:325) - Material lists loaded: 47 cities, 23 airlines, 2 reasons.
2025-11-12 16:50:01 [INFO] (read_xlsx:453) - Successfully loaded 7 flight rows from 'D:\Working Files\Github Projects\Airport-Flight-Announcement-System\src\airport_flight_announcement_system\data\data.xlsx'.
2025-11-12 16:50:01 [INFO] (__init__:232) - Application initialized successfully.
2025-11-12 16:50:03 [INFO] (index:1419) - Main page requested by a client.
2025-11-12 17:00:29 [INFO] (__init__:205) - =====================================================
2025-11-12 17:00:29 [INFO] (__init__:206) - Application initializing...
2025-11-12 17:00:29 [INFO] (_load_material_lists:325) - Material lists loaded: 47 cities, 23 airlines, 2 reasons.
2025-11-12 17:00:29 [INFO] (read_xlsx:453) - Successfully loaded 7 flight rows from 'D:\Working Files\Github Projects\Airport-Flight-Announcement-System\src\airport_flight_announcement_system\data\data.xlsx'.
2025-11-12 17:00:29 [INFO] (__init__:232) - Application initialized successfully.
2025-11-12 17:00:31 [INFO] (index:1419) - Main page requested by a client.
2025-11-12 17:12:32 [INFO] (__init__:205) - =====================================================
2025-11-12 17:12:32 [INFO] (__init__:206) - Application initializing...
2025-11-12 17:12:32 [INFO] (_load_material_lists:325) - Material lists loaded: 47 cities, 23 airlines, 2 reasons.
2025-11-12 17:12:32 [INFO] (read_xlsx:453) - Successfully loaded 7 flight rows from 'D:\Working Files\Github Projects\Airport-Flight-Announcement-System\src\airport_flight_announcement_system\data\data.xlsx'.
2025-11-12 17:12:32 [INFO] (__init__:232) - Application initialized successfully.
2025-11-12 17:12:34 [INFO] (index:1419) - Main page requested by a client.
2025-11-12 17:35:55 [INFO] (__init__:206) - =====================================================
2025-11-12 17:35:55 [INFO] (__init__:207) - Application initializing...
2025-11-12 17:35:55 [INFO] (_load_material_lists:326) - Material lists loaded: 47 cities, 23 airlines, 2 reasons.
2025-11-12 17:35:56 [INFO] (read_xlsx:454) - Successfully loaded 7 flight rows from 'D:\Working Files\Github Projects\Airport-Flight-Announcement-System\src\airport_flight_announcement_system\data\data.xlsx'.
2025-11-12 17:35:56 [INFO] (__init__:233) - Application initialized successfully.
2025-11-12 17:35:58 [INFO] (index:1420) - Main page requested by a client.
2025-11-12 19:27:13 [INFO] (__init__:208) - =====================================================
2025-11-12 19:27:13 [INFO] (__init__:209) - Application initializing...
2025-11-12 19:27:13 [INFO] (_load_material_lists:328) - Material lists loaded: 47 cities, 23 airlines, 2 reasons.
2025-11-12 19:27:13 [INFO] (read_xlsx:456) - Successfully loaded 7 flight rows from 'D:\Working Files\Github Projects\Airport-Flight-Announcement-System\src\airport_flight_announcement_system\data\data.xlsx'.
2025-11-12 19:27:13 [INFO] (__init__:235) - Application initialized successfully.
2025-11-12 19:27:15 [INFO] (index:1422) - Main page requested by a client.
2025-11-12 20:34:43 [INFO] (__init__:208) - =====================================================
2025-11-12 20:34:43 [INFO] (__init__:209) - Application initializing...
2025-11-12 20:34:43 [INFO] (_load_material_lists:328) - Material lists loaded: 47 cities, 23 airlines, 2 reasons.
2025-11-12 20:34:43 [INFO] (read_xlsx:456) - Successfully loaded 7 flight rows from 'D:\Working Files\Github Projects\Airport-Flight-Announcement-System\src\airport_flight_announcement_system\data\data.xlsx'.
2025-11-12 20:34:43 [INFO] (__init__:235) - Application initialized successfully.
2025-11-12 20:34:45 [INFO] (index:1422) - Main page requested by a client.
2025-11-12 20:35:39 [INFO] (__init__:208) - =====================================================
2025-11-12 20:35:39 [INFO] (__init__:209) - Application initializing...
2025-11-12 20:35:39 [INFO] (_load_material_lists:328) - Material lists loaded: 47 cities, 23 airlines, 2 reasons.
2025-11-12 20:35:39 [INFO] (read_xlsx:456) - Successfully loaded 7 flight rows from 'D:\Working Files\Github Projects\Airport-Flight-Announcement-System\src\airport_flight_announcement_system\data\data.xlsx'.
2025-11-12 20:35:39 [INFO] (__init__:235) - Application initialized successfully.
2025-11-12 20:35:41 [INFO] (index:1422) - Main page requested by a client.
2025-11-12 20:36:07 [INFO] (index:1422) - Main page requested by a client.
2025-11-12 20:36:08 [INFO] (index:1422) - Main page requested by a client.
2025-11-12 20:36:08 [INFO] (index:1422) - Main page requested by a client.
2025-11-12 20:36:08 [INFO] (index:1422) - Main page requested by a client.
2025-11-12 20:36:08 [INFO] (index:1422) - Main page requested by a client.
2025-11-12 20:36:09 [INFO] (index:1422) - Main page requested by a client.
2025-11-12 20:36:09 [INFO] (index:1422) - Main page requested by a client.
2025-11-12 20:36:10 [INFO] (index:1422) - Main page requested by a client.
2025-11-12 20:36:10 [INFO] (index:1422) - Main page requested by a client.
2025-11-12 20:36:10 [INFO] (index:1422) - Main page requested by a client.
2025-11-12 20:36:20 [INFO] (index:1422) - Main page requested by a client.
2025-11-12 20:36:20 [INFO] (index:1422) - Main page requested by a client.
2025-11-12 20:36:20 [INFO] (index:1422) - Main page requested by a client.
2025-11-12 20:36:21 [INFO] (index:1422) - Main page requested by a client.
2025-11-12 20:36:21 [INFO] (index:1422) - Main page requested by a client.
2025-11-12 20:36:21 [INFO] (index:1422) - Main page requested by a client.
2025-11-12 20:36:21 [INFO] (index:1422) - Main page requested by a client.
2025-11-12 20:36:21 [INFO] (index:1422) - Main page requested by a client.
2025-11-12 20:36:22 [INFO] (index:1422) - Main page requested by a client.
2025-11-12 20:36:22 [INFO] (index:1422) - Main page requested by a client.
2025-11-12 20:36:22 [INFO] (index:1422) - Main page requested by a client.
2025-11-12 20:36:22 [INFO] (index:1422) - Main page requested by a client.
2025-11-12 20:36:23 [INFO] (index:1422) - Main page requested by a client.
2025-11-12 20:36:23 [INFO] (index:1422) - Main page requested by a client.
2025-11-12 20:36:23 [INFO] (index:1422) - Main page requested by a client.
2025-11-12 20:36:23 [INFO] (index:1422) - Main page requested by a client.
2025-11-12 20:36:24 [INFO] (index:1422) - Main page requested by a client.
2025-11-12 20:36:24 [INFO] (index:1422) - Main page requested by a client.
2025-11-12 20:36:24 [INFO] (index:1422) - Main page requested by a client.
2025-11-12 20:36:25 [INFO] (index:1422) - Main page requested by a client.
2025-11-12 20:36:25 [INFO] (index:1422) - Main page requested by a client.
2025-11-12 20:36:25 [INFO] (index:1422) - Main page requested by a client.
2025-11-12 20:36:27 [INFO] (index:1422) - Main page requested by a client.
2025-11-12 20:36:27 [INFO] (index:1422) - Main page requested by a client.
2025-11-12 20:36:27 [INFO] (index:1422) - Main page requested by a client.
2025-11-12 20:43:13 [INFO] (index:1422) - Main page requested by a client.
2025-11-12 20:54:45 [INFO] (__init__:208) - =====================================================
2025-11-12 20:54:45 [INFO] (__init__:209) - Application initializing...
2025-11-12 20:54:45 [INFO] (_load_material_lists:328) - Material lists loaded: 47 cities, 23 airlines, 2 reasons.
2025-11-12 20:54:45 [INFO] (read_xlsx:456) - Successfully loaded 7 flight rows from 'D:\Working Files\Github Projects\Airport-Flight-Announcement-System\src\airport_flight_announcement_system\data\data.xlsx'.
2025-11-12 20:54:45 [INFO] (__init__:235) - Application initialized successfully.
2025-11-12 20:54:47 [INFO] (index:1422) - Main page requested by a client.
2025-11-12 20:55:33 [INFO] (__init__:208) - =====================================================
2025-11-12 20:55:33 [INFO] (__init__:209) - Application initializing...
2025-11-12 20:55:33 [INFO] (_load_material_lists:328) - Material lists loaded: 47 cities, 23 airlines, 2 reasons.
2025-11-12 20:55:34 [INFO] (read_xlsx:456) - Successfully loaded 7 flight rows from 'D:\Working Files\Github Projects\Airport-Flight-Announcement-System\release\src\airport_flight_announcement_system\data\data.xlsx'.
2025-11-12 20:55:34 [INFO] (__init__:235) - Application initialized successfully.
2025-11-12 20:56:40 [INFO] (__init__:208) - =====================================================
2025-11-12 20:56:40 [INFO] (__init__:209) - Application initializing...
2025-11-12 20:56:40 [INFO] (_load_material_lists:328) - Material lists loaded: 47 cities, 23 airlines, 2 reasons.
2025-11-12 20:56:41 [INFO] (read_xlsx:456) - Successfully loaded 7 flight rows from 'D:\Working Files\Github Projects\Airport-Flight-Announcement-System\release\src\airport_flight_announcement_system\data\data.xlsx'.
2025-11-12 20:56:41 [INFO] (__init__:235) - Application initialized successfully.
2025-11-12 20:56:43 [INFO] (index:1422) - Main page requested by a client.
